<?xml version="1.0" encoding="UTF-8"?>
<!-- Generated by org.testng.reporters.JUnitXMLReporter -->
<testsuite ignored="0" hostname="Admin" failures="0" tests="6" name="Run on CHROME" time="0.231" errors="0" timestamp="08 Aug 2021 04:11:30 GMT">
  <testcase classname="com.nopcommerce.user.Level_02_Register_Login" name="@BeforeClass beforeClass" time="0.0">
    <failure type="org.testng.TestNGException" message="
Parameter &amp;apos;url&amp;apos; is required by BeforeClass on method beforeClass but has not been marked @Optional or defined
in E:\Hybird_19\Java Hybrid framework\resources\runNopcommerceUser.xml">
      <![CDATA[org.testng.TestNGException: 
Parameter 'url' is required by BeforeClass on method beforeClass but has not been marked @Optional or defined
in E:\Hybird_19\Java Hybrid framework\resources\runNopcommerceUser.xml
... Removed 23 stack frames]]>
    </failure>
  </testcase> <!-- @BeforeClass beforeClass -->
  <testcase classname="com.nopcommerce.user.Level_02_Register_Login" name="@AfterClass afterClass" time="0.0">
    <skipped/>
  </testcase> <!-- @AfterClass afterClass -->
  <testcase classname="com.nopcommerce.user.Level_02_Register_Login" name="TC_01_Login_Empty_Data" time="0.0">
    <skipped/>
  </testcase> <!-- TC_01_Login_Empty_Data -->
  <testcase classname="com.nopcommerce.user.Level_02_Register_Login" name="TC_02_Login_Invalid_Email" time="0.0">
    <skipped/>
  </testcase> <!-- TC_02_Login_Invalid_Email -->
  <testcase classname="com.nopcommerce.user.Level_02_Register_Login" name="TC_03_Login_Email_Chua_Dang_ki" time="0.0">
    <skipped/>
  </testcase> <!-- TC_03_Login_Email_Chua_Dang_ki -->
  <testcase classname="com.nopcommerce.user.Level_02_Register_Login" name="TC_04_Login_Email_Chua_Dang_Ki_Password_Khong_Nhap" time="0.0">
    <skipped/>
  </testcase> <!-- TC_04_Login_Email_Chua_Dang_Ki_Password_Khong_Nhap -->
  <testcase classname="com.nopcommerce.user.Level_02_Register_Login" name="TC_05_Login_Email_Da_Dang_ki_Password_Sai" time="0.0">
    <skipped/>
  </testcase> <!-- TC_05_Login_Email_Da_Dang_ki_Password_Sai -->
  <testcase classname="com.nopcommerce.user.Level_02_Register_Login" name="TC_06_Login_Email_Da_Dang_Ki_Passwork_Dung" time="0.0">
    <skipped/>
  </testcase> <!-- TC_06_Login_Email_Da_Dang_Ki_Passwork_Dung -->
</testsuite> <!-- Run on CHROME -->
