<?xml version="1.0" encoding="UTF-8"?>
<!-- Generated by org.testng.reporters.JUnitXMLReporter -->
<testsuite ignored="0" hostname="Admin" failures="0" tests="11" name="Run on chrome" time="3.405" errors="0" timestamp="15 Sep 2021 17:35:10 GMT">
  <testcase classname="com.hrm.employee.Employee_01_Add_Employee" name="@BeforeClass beforeClass" time="3.207">
    <failure type="org.openqa.selenium.SessionNotCreatedException" message="session not created: This version of ChromeDriver only supports Chrome version 91
Current browser version is 93.0.4577.63 with binary path C:\Program Files (x86)\Google\Chrome\Application\chrome.exe
Build info: version: &amp;apos;3.141.59&amp;apos;, revision: &amp;apos;e82be7d358&amp;apos;, time: &amp;apos;2018-11-14T08:25:53&amp;apos;
System info: host: &amp;apos;ADMIN&amp;apos;, ip: &amp;apos;10.0.50.26&amp;apos;, os.name: &amp;apos;Windows 10&amp;apos;, os.arch: &amp;apos;amd64&amp;apos;, os.version: &amp;apos;10.0&amp;apos;, java.version: &amp;apos;15.0.1&amp;apos;
Driver info: driver.version: ChromeDriver
remote stacktrace: Backtrace:
	Ordinal0 [0x00EE3733+2504499]
	Ordinal0 [0x00E7C401+2081793]
	Ordinal0 [0x00D82628+1058344]
	Ordinal0 [0x00DA071A+1181466]
	Ordinal0 [0x00D9C58C+1164684]
	Ordinal0 [0x00D99DC3+1154499]
	Ordinal0 [0x00DC9B82+1350530]
	Ordinal0 [0x00DC97DA+1349594]
	Ordinal0 [0x00DC5D4B+1334603]
	Ordinal0 [0x00DA22B4+1188532]
	Ordinal0 [0x00DA3149+1192265]
	GetHandleVerifier [0x0105FB8C+1512252]
	GetHandleVerifier [0x0110B0DF+2214031]
	GetHandleVerifier [0x00F64BC3+484211]
	GetHandleVerifier [0x00F63E69+480793]
	Ordinal0 [0x00E8218D+2105741]
	Ordinal0 [0x00E866E8+2123496]
	Ordinal0 [0x00E86827+2123815]
	Ordinal0 [0x00E8FB73+2161523]
	BaseThreadInitThunk [0x76AA8484+36]
	RtlValidSecurityDescriptor [0x77B32EC0+448]
	RtlValidSecurityDescriptor [0x77B32E90+400]
">
      <![CDATA[org.openqa.selenium.SessionNotCreatedException: session not created: This version of ChromeDriver only supports Chrome version 91
Current browser version is 93.0.4577.63 with binary path C:\Program Files (x86)\Google\Chrome\Application\chrome.exe
Build info: version: '3.141.59', revision: 'e82be7d358', time: '2018-11-14T08:25:53'
System info: host: 'ADMIN', ip: '10.0.50.26', os.name: 'Windows 10', os.arch: 'amd64', os.version: '10.0', java.version: '15.0.1'
Driver info: driver.version: ChromeDriver
remote stacktrace: Backtrace:
Ordinal0 [0x00EE3733+2504499]
Ordinal0 [0x00E7C401+2081793]
Ordinal0 [0x00D82628+1058344]
Ordinal0 [0x00DA071A+1181466]
Ordinal0 [0x00D9C58C+1164684]
Ordinal0 [0x00D99DC3+1154499]
Ordinal0 [0x00DC9B82+1350530]
Ordinal0 [0x00DC97DA+1349594]
Ordinal0 [0x00DC5D4B+1334603]
Ordinal0 [0x00DA22B4+1188532]
Ordinal0 [0x00DA3149+1192265]
GetHandleVerifier [0x0105FB8C+1512252]
GetHandleVerifier [0x0110B0DF+2214031]
GetHandleVerifier [0x00F64BC3+484211]
GetHandleVerifier [0x00F63E69+480793]
Ordinal0 [0x00E8218D+2105741]
Ordinal0 [0x00E866E8+2123496]
Ordinal0 [0x00E86827+2123815]
Ordinal0 [0x00E8FB73+2161523]
BaseThreadInitThunk [0x76AA8484+36]
RtlValidSecurityDescriptor [0x77B32EC0+448]
RtlValidSecurityDescriptor [0x77B32E90+400]

at org.openqa.selenium.remote.W3CHandshakeResponse.lambda$errorHandler$0(W3CHandshakeResponse.java:62)
at org.openqa.selenium.remote.HandshakeResponse.lambda$getResponseFunction$0(HandshakeResponse.java:30)
at org.openqa.selenium.remote.ProtocolHandshake.lambda$createSession$0(ProtocolHandshake.java:126)
at java.base/java.util.stream.ReferencePipeline$3$1.accept(ReferencePipeline.java:195)
at java.base/java.util.Spliterators$ArraySpliterator.tryAdvance(Spliterators.java:958)
at java.base/java.util.stream.ReferencePipeline.forEachWithCancel(ReferencePipeline.java:127)
at java.base/java.util.stream.AbstractPipeline.copyIntoWithCancel(AbstractPipeline.java:502)
at java.base/java.util.stream.AbstractPipeline.copyInto(AbstractPipeline.java:488)
at java.base/java.util.stream.AbstractPipeline.wrapAndCopyInto(AbstractPipeline.java:474)
at java.base/java.util.stream.FindOps$FindOp.evaluateSequential(FindOps.java:150)
at java.base/java.util.stream.AbstractPipeline.evaluate(AbstractPipeline.java:234)
at java.base/java.util.stream.ReferencePipeline.findFirst(ReferencePipeline.java:543)
at org.openqa.selenium.remote.ProtocolHandshake.createSession(ProtocolHandshake.java:128)
at org.openqa.selenium.remote.ProtocolHandshake.createSession(ProtocolHandshake.java:74)
at org.openqa.selenium.remote.HttpCommandExecutor.execute(HttpCommandExecutor.java:136)
at org.openqa.selenium.remote.service.DriverCommandExecutor.execute(DriverCommandExecutor.java:83)
at org.openqa.selenium.remote.RemoteWebDriver.execute(RemoteWebDriver.java:552)
at org.openqa.selenium.remote.RemoteWebDriver.startSession(RemoteWebDriver.java:213)
at org.openqa.selenium.remote.RemoteWebDriver.<init>(RemoteWebDriver.java:131)
at org.openqa.selenium.chrome.ChromeDriver.<init>(ChromeDriver.java:181)
at org.openqa.selenium.chrome.ChromeDriver.<init>(ChromeDriver.java:168)
at org.openqa.selenium.chrome.ChromeDriver.<init>(ChromeDriver.java:123)
at commons.BaseTest.getBrowerDriver(BaseTest.java:79)
at com.hrm.employee.Employee_01_Add_Employee.beforeClass(Employee_01_Add_Employee.java:25)
... Removed 31 stack frames]]>
    </failure>
  </testcase> <!-- @BeforeClass beforeClass -->
  <testcase classname="com.hrm.employee.Employee_01_Add_Employee" name="@AfterClass cleanBrowser" time="0.006">
    <failure type="java.lang.IllegalArgumentException" message="Empty command">
      <![CDATA[java.lang.IllegalArgumentException: Empty command
at java.base/java.lang.Runtime.exec(Runtime.java:409)
at java.base/java.lang.Runtime.exec(Runtime.java:312)
at commons.BaseTest.cleanDriverInstance(BaseTest.java:244)
at com.hrm.employee.Employee_01_Add_Employee.cleanBrowser(Employee_01_Add_Employee.java:130)
... Removed 26 stack frames]]>
    </failure>
  </testcase> <!-- @AfterClass cleanBrowser -->
  <testcase classname="com.hrm.employee.Employee_01_Add_Employee" name="Employee_01_Add_New_Employee" time="0.0">
    <skipped/>
  </testcase> <!-- Employee_01_Add_New_Employee -->
  <testcase classname="com.hrm.employee.Employee_01_Add_Employee" name="Employee_02_Upload_Avata" time="0.0">
    <skipped/>
  </testcase> <!-- Employee_02_Upload_Avata -->
  <testcase classname="com.hrm.employee.Employee_01_Add_Employee" name="Employee_03_Personal_Details" time="0.0">
    <skipped/>
  </testcase> <!-- Employee_03_Personal_Details -->
  <testcase classname="com.hrm.employee.Employee_01_Add_Employee" name="Employee_04_Contact_Details" time="0.0">
    <skipped/>
  </testcase> <!-- Employee_04_Contact_Details -->
  <testcase classname="com.hrm.employee.Employee_01_Add_Employee" name="Employee_05_Emergency_Detail" time="0.0">
    <skipped/>
  </testcase> <!-- Employee_05_Emergency_Detail -->
  <testcase classname="com.hrm.employee.Employee_01_Add_Employee" name="Employee_06_Assigned_Dependents" time="0.0">
    <skipped/>
  </testcase> <!-- Employee_06_Assigned_Dependents -->
  <testcase classname="com.hrm.employee.Employee_01_Add_Employee" name="Employee_07_Edit_View_Job" time="0.0">
    <skipped/>
  </testcase> <!-- Employee_07_Edit_View_Job -->
  <testcase classname="com.hrm.employee.Employee_01_Add_Employee" name="Employee_08_Edit_View_Salary" time="0.0">
    <skipped/>
  </testcase> <!-- Employee_08_Edit_View_Salary -->
  <testcase classname="com.hrm.employee.Employee_01_Add_Employee" name="Employee_10_Qualifications" time="0.0">
    <skipped/>
  </testcase> <!-- Employee_10_Qualifications -->
  <testcase classname="com.hrm.employee.Employee_01_Add_Employee" name="Employee_11_Search_Employee" time="0.0">
    <skipped/>
  </testcase> <!-- Employee_11_Search_Employee -->
  <testcase classname="com.hrm.employee.Employee_01_Add_Employee" name="Employee_9_Edit_View_Tax" time="0.0">
    <skipped/>
  </testcase> <!-- Employee_9_Edit_View_Tax -->
</testsuite> <!-- Run on chrome -->
