<?xml version="1.0" encoding="UTF-8"?>
<!-- Generated by org.testng.reporters.JUnitReportReporter -->
<testsuite hostname="Admin" failures="0" tests="7" name="com.nopcommerce.user.Level_02_Register_Login" time="12.423" errors="1" timestamp="08 Aug 2021 04:27:12 GMT" skipped="6">
  <testcase classname="com.nopcommerce.user.Level_02_Register_Login" name="TC_05_Login_Email_Da_Dang_ki_Password_Sai" time="0.000">
    <skipped/>
  </testcase> <!-- TC_05_Login_Email_Da_Dang_ki_Password_Sai -->
  <testcase classname="com.nopcommerce.user.Level_02_Register_Login" name="beforeClass" time="12.423">
    <error message="Cannot invoke &quot;pageObjects.user.nopcommerceDemo.HomePO.clickToLoginLink(org.openqa.selenium.WebDriver, String)&quot; because &quot;this.homePage&quot; is null" type="java.lang.NullPointerException">
      <![CDATA[java.lang.NullPointerException: Cannot invoke "pageObjects.user.nopcommerceDemo.HomePO.clickToLoginLink(org.openqa.selenium.WebDriver, String)" because "this.homePage" is null
at com.nopcommerce.user.Level_02_Register_Login.beforeClass(Level_02_Register_Login.java:23)
at java.base/jdk.internal.reflect.NativeMethodAccessorImpl.invoke0(Native Method)
at java.base/jdk.internal.reflect.NativeMethodAccessorImpl.invoke(NativeMethodAccessorImpl.java:64)
at java.base/jdk.internal.reflect.DelegatingMethodAccessorImpl.invoke(DelegatingMethodAccessorImpl.java:43)
at java.base/java.lang.reflect.Method.invoke(Method.java:564)
at org.testng.internal.MethodInvocationHelper.invokeMethod(MethodInvocationHelper.java:124)
at org.testng.internal.MethodInvocationHelper.invokeMethodConsideringTimeout(MethodInvocationHelper.java:59)
at org.testng.internal.Invoker.invokeConfigurationMethod(Invoker.java:458)
at org.testng.internal.Invoker.invokeConfigurations(Invoker.java:222)
at org.testng.internal.Invoker.invokeConfigurations(Invoker.java:142)
at org.testng.internal.TestMethodWorker.invokeBeforeClassMethods(TestMethodWorker.java:168)
at org.testng.internal.TestMethodWorker.run(TestMethodWorker.java:105)
at org.testng.TestRunner.privateRun(TestRunner.java:648)
at org.testng.TestRunner.run(TestRunner.java:505)
at org.testng.SuiteRunner.runTest(SuiteRunner.java:455)
at org.testng.SuiteRunner.runSequentially(SuiteRunner.java:450)
at org.testng.SuiteRunner.privateRun(SuiteRunner.java:415)
at org.testng.SuiteRunner.run(SuiteRunner.java:364)
at org.testng.SuiteRunnerWorker.runSuite(SuiteRunnerWorker.java:52)
at org.testng.SuiteRunnerWorker.run(SuiteRunnerWorker.java:84)
at org.testng.TestNG.runSuitesSequentially(TestNG.java:1208)
at org.testng.TestNG.runSuitesLocally(TestNG.java:1137)
at org.testng.TestNG.runSuites(TestNG.java:1049)
at org.testng.TestNG.run(TestNG.java:1017)
at org.testng.remote.AbstractRemoteTestNG.run(AbstractRemoteTestNG.java:115)
at org.testng.remote.RemoteTestNG.initAndRun(RemoteTestNG.java:251)
at org.testng.remote.RemoteTestNG.main(RemoteTestNG.java:77)
]]>
    </error>
  </testcase> <!-- beforeClass -->
  <testcase classname="com.nopcommerce.user.Level_02_Register_Login" name="TC_04_Login_Email_Chua_Dang_Ki_Password_Khong_Nhap" time="0.000">
    <skipped/>
  </testcase> <!-- TC_04_Login_Email_Chua_Dang_Ki_Password_Khong_Nhap -->
  <testcase classname="com.nopcommerce.user.Level_02_Register_Login" name="TC_01_Login_Empty_Data" time="0.000">
    <skipped/>
  </testcase> <!-- TC_01_Login_Empty_Data -->
  <testcase classname="com.nopcommerce.user.Level_02_Register_Login" name="TC_03_Login_Email_Chua_Dang_ki" time="0.000">
    <skipped/>
  </testcase> <!-- TC_03_Login_Email_Chua_Dang_ki -->
  <testcase classname="com.nopcommerce.user.Level_02_Register_Login" name="TC_02_Login_Invalid_Email" time="0.000">
    <skipped/>
  </testcase> <!-- TC_02_Login_Invalid_Email -->
  <testcase classname="com.nopcommerce.user.Level_02_Register_Login" name="TC_06_Login_Email_Da_Dang_Ki_Passwork_Dung" time="0.000">
    <skipped/>
  </testcase> <!-- TC_06_Login_Email_Da_Dang_Ki_Passwork_Dung -->
</testsuite> <!-- com.nopcommerce.user.Level_02_Register_Login -->
