<?xml version="1.0" encoding="UTF-8"?>
<!-- Generated by org.testng.reporters.JUnitReportReporter -->
<testsuite hostname="Admin" failures="0" tests="2" name="com.nopcommerce.userDemo.Level_03_My_Account" time="2.519" errors="1" timestamp="15 Sep 2021 17:43:30 GMT" skipped="1">
  <testcase classname="com.nopcommerce.userDemo.Level_03_My_Account" name="beforClass" time="2.519">
    <error message="session not created: This version of ChromeDriver only supports Chrome version 91
Current browser version is 93.0.4577.63 with binary path C:\Program Files (x86)\Google\Chrome\Application\chrome.exe
Build info: version: &#039;3.141.59&#039;, revision: &#039;e82be7d358&#039;, time: &#039;2018-11-14T08:25:53&#039;
System info: host: &#039;ADMIN&#039;, ip: &#039;10.0.50.26&#039;, os.name: &#039;Windows 10&#039;, os.arch: &#039;amd64&#039;, os.version: &#039;10.0&#039;, java.version: &#039;15.0.1&#039;
Driver info: driver.version: ChromeDriver
remote stacktrace: Backtrace:
	Ordinal0 [0x00EE3733+2504499]
	Ordinal0 [0x00E7C401+2081793]
	Ordinal0 [0x00D82628+1058344]
	Ordinal0 [0x00DA071A+1181466]
	Ordinal0 [0x00D9C58C+1164684]
	Ordinal0 [0x00D99DC3+1154499]
	Ordinal0 [0x00DC9B82+1350530]
	Ordinal0 [0x00DC97DA+1349594]
	Ordinal0 [0x00DC5D4B+1334603]
	Ordinal0 [0x00DA22B4+1188532]
	Ordinal0 [0x00DA3149+1192265]
	GetHandleVerifier [0x0105FB8C+1512252]
	GetHandleVerifier [0x0110B0DF+2214031]
	GetHandleVerifier [0x00F64BC3+484211]
	GetHandleVerifier [0x00F63E69+480793]
	Ordinal0 [0x00E8218D+2105741]
	Ordinal0 [0x00E866E8+2123496]
	Ordinal0 [0x00E86827+2123815]
	Ordinal0 [0x00E8FB73+2161523]
	BaseThreadInitThunk [0x76AA8484+36]
	RtlValidSecurityDescriptor [0x77B32EC0+448]
	RtlValidSecurityDescriptor [0x77B32E90+400]
" type="org.openqa.selenium.SessionNotCreatedException">
      <![CDATA[org.openqa.selenium.SessionNotCreatedException: session not created: This version of ChromeDriver only supports Chrome version 91
Current browser version is 93.0.4577.63 with binary path C:\Program Files (x86)\Google\Chrome\Application\chrome.exe
Build info: version: '3.141.59', revision: 'e82be7d358', time: '2018-11-14T08:25:53'
System info: host: 'ADMIN', ip: '10.0.50.26', os.name: 'Windows 10', os.arch: 'amd64', os.version: '10.0', java.version: '15.0.1'
Driver info: driver.version: ChromeDriver
remote stacktrace: Backtrace:
Ordinal0 [0x00EE3733+2504499]
Ordinal0 [0x00E7C401+2081793]
Ordinal0 [0x00D82628+1058344]
Ordinal0 [0x00DA071A+1181466]
Ordinal0 [0x00D9C58C+1164684]
Ordinal0 [0x00D99DC3+1154499]
Ordinal0 [0x00DC9B82+1350530]
Ordinal0 [0x00DC97DA+1349594]
Ordinal0 [0x00DC5D4B+1334603]
Ordinal0 [0x00DA22B4+1188532]
Ordinal0 [0x00DA3149+1192265]
GetHandleVerifier [0x0105FB8C+1512252]
GetHandleVerifier [0x0110B0DF+2214031]
GetHandleVerifier [0x00F64BC3+484211]
GetHandleVerifier [0x00F63E69+480793]
Ordinal0 [0x00E8218D+2105741]
Ordinal0 [0x00E866E8+2123496]
Ordinal0 [0x00E86827+2123815]
Ordinal0 [0x00E8FB73+2161523]
BaseThreadInitThunk [0x76AA8484+36]
RtlValidSecurityDescriptor [0x77B32EC0+448]
RtlValidSecurityDescriptor [0x77B32E90+400]

at java.base/jdk.internal.reflect.NativeConstructorAccessorImpl.newInstance0(Native Method)
at java.base/jdk.internal.reflect.NativeConstructorAccessorImpl.newInstance(NativeConstructorAccessorImpl.java:64)
at java.base/jdk.internal.reflect.DelegatingConstructorAccessorImpl.newInstance(DelegatingConstructorAccessorImpl.java:45)
at java.base/java.lang.reflect.Constructor.newInstanceWithCaller(Constructor.java:500)
at java.base/java.lang.reflect.Constructor.newInstance(Constructor.java:481)
at org.openqa.selenium.remote.W3CHandshakeResponse.lambda$errorHandler$0(W3CHandshakeResponse.java:62)
at org.openqa.selenium.remote.HandshakeResponse.lambda$getResponseFunction$0(HandshakeResponse.java:30)
at org.openqa.selenium.remote.ProtocolHandshake.lambda$createSession$0(ProtocolHandshake.java:126)
at java.base/java.util.stream.ReferencePipeline$3$1.accept(ReferencePipeline.java:195)
at java.base/java.util.Spliterators$ArraySpliterator.tryAdvance(Spliterators.java:958)
at java.base/java.util.stream.ReferencePipeline.forEachWithCancel(ReferencePipeline.java:127)
at java.base/java.util.stream.AbstractPipeline.copyIntoWithCancel(AbstractPipeline.java:502)
at java.base/java.util.stream.AbstractPipeline.copyInto(AbstractPipeline.java:488)
at java.base/java.util.stream.AbstractPipeline.wrapAndCopyInto(AbstractPipeline.java:474)
at java.base/java.util.stream.FindOps$FindOp.evaluateSequential(FindOps.java:150)
at java.base/java.util.stream.AbstractPipeline.evaluate(AbstractPipeline.java:234)
at java.base/java.util.stream.ReferencePipeline.findFirst(ReferencePipeline.java:543)
at org.openqa.selenium.remote.ProtocolHandshake.createSession(ProtocolHandshake.java:128)
at org.openqa.selenium.remote.ProtocolHandshake.createSession(ProtocolHandshake.java:74)
at org.openqa.selenium.remote.HttpCommandExecutor.execute(HttpCommandExecutor.java:136)
at org.openqa.selenium.remote.service.DriverCommandExecutor.execute(DriverCommandExecutor.java:83)
at org.openqa.selenium.remote.RemoteWebDriver.execute(RemoteWebDriver.java:552)
at org.openqa.selenium.remote.RemoteWebDriver.startSession(RemoteWebDriver.java:213)
at org.openqa.selenium.remote.RemoteWebDriver.<init>(RemoteWebDriver.java:131)
at org.openqa.selenium.chrome.ChromeDriver.<init>(ChromeDriver.java:181)
at org.openqa.selenium.chrome.ChromeDriver.<init>(ChromeDriver.java:168)
at org.openqa.selenium.chrome.ChromeDriver.<init>(ChromeDriver.java:123)
at commons.BaseTest.getBrowerDriver(BaseTest.java:79)
at com.nopcommerce.userDemo.Level_03_My_Account.beforClass(Level_03_My_Account.java:32)
at java.base/jdk.internal.reflect.NativeMethodAccessorImpl.invoke0(Native Method)
at java.base/jdk.internal.reflect.NativeMethodAccessorImpl.invoke(NativeMethodAccessorImpl.java:64)
at java.base/jdk.internal.reflect.DelegatingMethodAccessorImpl.invoke(DelegatingMethodAccessorImpl.java:43)
at java.base/java.lang.reflect.Method.invoke(Method.java:564)
at org.testng.internal.MethodInvocationHelper.invokeMethod(MethodInvocationHelper.java:124)
at org.testng.internal.MethodInvocationHelper.invokeMethodConsideringTimeout(MethodInvocationHelper.java:59)
at org.testng.internal.Invoker.invokeConfigurationMethod(Invoker.java:458)
at org.testng.internal.Invoker.invokeConfigurations(Invoker.java:222)
at org.testng.internal.Invoker.invokeConfigurations(Invoker.java:142)
at org.testng.internal.TestMethodWorker.invokeBeforeClassMethods(TestMethodWorker.java:168)
at org.testng.internal.TestMethodWorker.run(TestMethodWorker.java:105)
at org.testng.TestRunner.privateRun(TestRunner.java:648)
at org.testng.TestRunner.run(TestRunner.java:505)
at org.testng.SuiteRunner.runTest(SuiteRunner.java:455)
at org.testng.SuiteRunner.runSequentially(SuiteRunner.java:450)
at org.testng.SuiteRunner.privateRun(SuiteRunner.java:415)
at org.testng.SuiteRunner.run(SuiteRunner.java:364)
at org.testng.SuiteRunnerWorker.runSuite(SuiteRunnerWorker.java:52)
at org.testng.SuiteRunnerWorker.run(SuiteRunnerWorker.java:84)
at org.testng.TestNG.runSuitesSequentially(TestNG.java:1208)
at org.testng.TestNG.runSuitesLocally(TestNG.java:1137)
at org.testng.TestNG.runSuites(TestNG.java:1049)
at org.testng.TestNG.run(TestNG.java:1017)
at org.testng.remote.AbstractRemoteTestNG.run(AbstractRemoteTestNG.java:115)
at org.testng.remote.RemoteTestNG.initAndRun(RemoteTestNG.java:251)
at org.testng.remote.RemoteTestNG.main(RemoteTestNG.java:77)
]]>
    </error>
  </testcase> <!-- beforClass -->
  <testcase classname="com.nopcommerce.userDemo.Level_03_My_Account" name="TC_01_Sigin_Thong_Tin_Hop_Le" time="0.000">
    <skipped/>
  </testcase> <!-- TC_01_Sigin_Thong_Tin_Hop_Le -->
</testsuite> <!-- com.nopcommerce.userDemo.Level_03_My_Account -->
